Start testing: Jun 16 04:29 CEST
----------------------------------------------------------
1/4 Testing: DispatcherTests
1/4 Test: DispatcherTests
Command: "/home/git/heli/sys/apps/helicopter/build/os/com/tests/DispatcherTests"
Directory: /home/git/heli/sys/apps/helicopter/build/os/com/tests
"DispatcherTests" start time: Jun 16 04:29 CEST
Output:
----------------------------------------------------------
Running main() from gtest_main.cc
[==========] Running 2 tests from 1 test case.
[----------] Global test environment set-up.
[----------] 2 tests from DispatcherTest
[ RUN      ] DispatcherTest.ExecuteWhenAllAvailable
[       OK ] DispatcherTest.ExecuteWhenAllAvailable (0 ms)
[ RUN      ] DispatcherTest.ExecuteWithNoArgs
[       OK ] DispatcherTest.ExecuteWithNoArgs (0 ms)
[----------] 2 tests from DispatcherTest (0 ms total)

[----------] Global test environment tear-down
[==========] 2 tests from 1 test case ran. (0 ms total)
[  PASSED  ] 2 tests.
<end of output>
Test time =   0.00 sec
----------------------------------------------------------
Test Passed.
"DispatcherTests" end time: Jun 16 04:29 CEST
"DispatcherTests" time elapsed: 00:00:00
----------------------------------------------------------

2/4 Testing: LocalSerialCommunicationTests
2/4 Test: LocalSerialCommunicationTests
Command: "/home/git/heli/sys/apps/helicopter/build/os/com/tests/LocalSerialCommunicationTests"
Directory: /home/git/heli/sys/apps/helicopter/build/os/com/tests
"LocalSerialCommunicationTests" start time: Jun 16 04:29 CEST
Output:
----------------------------------------------------------
Running main() from gtest_main.cc
[==========] Running 4 tests from 1 test case.
[----------] Global test environment set-up.
[----------] 4 tests from SerialCommunicationTests
[ RUN      ] SerialCommunicationTests.SendAndReceive
[       OK ] SerialCommunicationTests.SendAndReceive (4 ms)
[ RUN      ] SerialCommunicationTests.ThereAndBackAgain
[       OK ] SerialCommunicationTests.ThereAndBackAgain (4 ms)
[ RUN      ] SerialCommunicationTests.QueueTest
Buffer full.. N2os10MemoryUnitILm100ELm2EEE
Buffer full.. N2os10MemoryUnitILm100ELm2EEE
[       OK ] SerialCommunicationTests.QueueTest (4 ms)
[ RUN      ] SerialCommunicationTests.LoadTest
[       OK ] SerialCommunicationTests.LoadTest (4861 ms)
[----------] 4 tests from SerialCommunicationTests (4873 ms total)

[----------] Global test environment tear-down
[==========] 4 tests from 1 test case ran. (4873 ms total)
[  PASSED  ] 4 tests.
<end of output>
Test time =   4.88 sec
----------------------------------------------------------
Test Passed.
"LocalSerialCommunicationTests" end time: Jun 16 04:29 CEST
"LocalSerialCommunicationTests" time elapsed: 00:00:04
----------------------------------------------------------

3/4 Testing: LocalNetworkCommunicationTests
3/4 Test: LocalNetworkCommunicationTests
Command: "/home/git/heli/sys/apps/helicopter/build/os/com/tests/LocalNetworkCommunicationTests"
Directory: /home/git/heli/sys/apps/helicopter/build/os/com/tests
"LocalNetworkCommunicationTests" start time: Jun 16 04:29 CEST
Output:
----------------------------------------------------------
Running main() from gtest_main.cc
[==========] Running 4 tests from 1 test case.
[----------] Global test environment set-up.
[----------] 4 tests from NetworkCommunicationTests
[ RUN      ] NetworkCommunicationTests.SendAndReceive
[       OK ] NetworkCommunicationTests.SendAndReceive (3 ms)
[ RUN      ] NetworkCommunicationTests.ThereAndBackAgain
[       OK ] NetworkCommunicationTests.ThereAndBackAgain (2 ms)
[ RUN      ] NetworkCommunicationTests.QueueTest
Buffer full.. N2os10MemoryUnitILm100ELm2EEE
Buffer full.. N2os10MemoryUnitILm100ELm2EEE
Buffer full.. N2os10MemoryUnitILm100ELm2EEE
Buffer full.. N2os10MemoryUnitILm100ELm2EEE
Buffer full.. N2os10MemoryUnitILm100ELm2EEE
Buffer full.. N2os10MemoryUnitILm100ELm2EEE
[       OK ] NetworkCommunicationTests.QueueTest (2 ms)
[ RUN      ] NetworkCommunicationTests.LoadTest
[       OK ] NetworkCommunicationTests.LoadTest (2522 ms)
[----------] 4 tests from NetworkCommunicationTests (2529 ms total)

[----------] Global test environment tear-down
[==========] 4 tests from 1 test case ran. (2529 ms total)
[  PASSED  ] 4 tests.
<end of output>
Test time =   2.53 sec
----------------------------------------------------------
Test Passed.
"LocalNetworkCommunicationTests" end time: Jun 16 04:29 CEST
"LocalNetworkCommunicationTests" time elapsed: 00:00:02
----------------------------------------------------------

4/4 Testing: PtyTests
4/4 Test: PtyTests
Command: "/home/git/heli/sys/apps/helicopter/build/os/utils/tests/PtyTests"
Directory: /home/git/heli/sys/apps/helicopter/build/os/utils/tests
"PtyTests" start time: Jun 16 04:29 CEST
Output:
----------------------------------------------------------
Running main() from gtest_main.cc
[==========] Running 2 tests from 1 test case.
[----------] Global test environment set-up.
[----------] 2 tests from PtyCommunication
[ RUN      ] PtyCommunication.CreateDelete
[       OK ] PtyCommunication.CreateDelete (3 ms)
[ RUN      ] PtyCommunication.Communicate
[       OK ] PtyCommunication.Communicate (4 ms)
[----------] 2 tests from PtyCommunication (7 ms total)

[----------] Global test environment tear-down
[==========] 2 tests from 1 test case ran. (7 ms total)
[  PASSED  ] 2 tests.
<end of output>
Test time =   0.01 sec
----------------------------------------------------------
Test Passed.
"PtyTests" end time: Jun 16 04:29 CEST
"PtyTests" time elapsed: 00:00:00
----------------------------------------------------------

End testing: Jun 16 04:29 CEST
